<?xml version="1.0" encoding="UTF-8"?>
<!-- Generated by org.testng.reporters.JUnitReportReporter -->
<testsuite hostname="DESKTOP-PI3I2B3" failures="0" tests="1" name="pac1.SampleTestNG" time="0.010" errors="0" timestamp="2022-05-27T14:51:30 IST" skipped="0">
  <testcase classname="pac1.SampleTestNG" name="test" time="0.010"/>
  <system-out/>
</testsuite> <!-- pac1.SampleTestNG -->
