<?xml version="1.0" encoding="UTF-8"?>
<!-- Generated by org.testng.reporters.JUnitReportReporter -->
<testsuite hostname="DESKTOP-PI3I2B3" failures="0" tests="1" name="testCase.sampleTestNGHardAssertion" time="16.313" errors="0" timestamp="2022-05-30T08:13:10 IST" skipped="0">
  <testcase classname="testCase.sampleTestNGHardAssertion" name="verifyTheAdmin" time="16.313"/>
  <system-out/>
</testsuite> <!-- testCase.sampleTestNGHardAssertion -->
