<?xml version="1.0" encoding="UTF-8"?>
<!-- Generated by org.testng.reporters.JUnitReportReporter -->
<testsuite hostname="DESKTOP-PI3I2B3" failures="0" tests="1" name="Suite.Sample1" time="0.005" errors="0" timestamp="2022-05-30T11:37:03 IST" skipped="0">
  <testcase classname="Suite.Sample1" name="test1" time="0.005"/>
  <system-out/>
</testsuite> <!-- Suite.Sample1 -->
