<?xml version="1.0" encoding="UTF-8"?>
<!-- Generated by org.testng.reporters.JUnitReportReporter -->
<testsuite hostname="DESKTOP-PI3I2B3" failures="0" tests="4" name="Suite.Sample2" time="0.025" errors="0" timestamp="2022-05-30T11:37:03 IST" skipped="0">
  <testcase classname="Suite.Sample2" name="test" time="0.014"/>
  <system-out/>
  <testcase classname="Suite.Sample2" name="test1" time="0.003"/>
  <system-out/>
  <testcase classname="Suite.Sample2" name="test" time="0.005"/>
  <system-out/>
  <testcase classname="Suite.Sample2" name="test1" time="0.003"/>
  <system-out/>
</testsuite> <!-- Suite.Sample2 -->
