<?xml version="1.0" encoding="UTF-8"?>
<!-- Generated by org.testng.reporters.JUnitReportReporter -->
<testsuite hostname="DESKTOP-PI3I2B3" failures="0" tests="1" name="testCase.AnnotationTest1" time="23.874" errors="0" timestamp="2022-05-29T17:25:38 IST" skipped="0">
  <testcase classname="testCase.AnnotationTest1" name="verifyTheAdmin" time="23.874"/>
  <system-out/>
</testsuite> <!-- testCase.AnnotationTest1 -->
