<?xml version="1.0" encoding="UTF-8"?>
<!-- Generated by org.testng.reporters.JUnitReportReporter -->
<testsuite hostname="DESKTOP-PI3I2B3" failures="0" tests="1" name="testCase.sanpleTestNg" time="0.008" errors="0" timestamp="2022-05-26T11:52:39 IST" skipped="0">
  <testcase classname="testCase.sanpleTestNg" name="test" time="0.008"/>
  <system-out/>
</testsuite> <!-- testCase.sanpleTestNg -->
